0 info it worked if it ends with ok
1 verbose cli [ 'C:\\Program Files (x86)\\nodejs\\node.exe',
1 verbose cli   'C:\\Users\\LoulouZ\\AppData\\Roaming\\npm\\node_modules\\npm\\bin\\npm-cli.js',
1 verbose cli   'install',
1 verbose cli   '@angular-devkit',
1 verbose cli   '--save' ]
2 info using npm@3.10.5
3 info using node@v7.9.0
4 silly loadCurrentTree Starting
5 silly install loadCurrentTree
6 silly install readLocalPackageData
7 silly fetchPackageMetaData @angular-devkit
8 silly fetchOtherPackageData @angular-devkit
9 silly cache add args [ '@angular-devkit', null ]
10 verbose cache add spec @angular-devkit
11 silly cache add parsed spec Result {
11 silly cache add   raw: '@angular-devkit',
11 silly cache add   scope: null,
11 silly cache add   escapedName: null,
11 silly cache add   name: null,
11 silly cache add   rawSpec: '@angular-devkit',
11 silly cache add   spec: 'C:\\Projects\\AdServClient\\@angular-devkit',
11 silly cache add   type: 'local' }
12 error addLocal Could not install C:\Projects\AdServClient\@angular-devkit
13 silly fetchPackageMetaData Error: ENOENT: no such file or directory, open 'C:\Projects\AdServClient\@angular-devkit'
13 silly fetchPackageMetaData  error for @angular-devkit { Error: ENOENT: no such file or directory, open 'C:\Projects\AdServClient\@angular-devkit'
13 silly fetchPackageMetaData   errno: -4058,
13 silly fetchPackageMetaData   code: 'ENOENT',
13 silly fetchPackageMetaData   syscall: 'open',
13 silly fetchPackageMetaData   path: 'C:\\Projects\\AdServClient\\@angular-devkit' }
14 silly rollbackFailedOptional Starting
15 silly rollbackFailedOptional Finishing
16 silly runTopLevelLifecycles Starting
17 silly runTopLevelLifecycles Finishing
18 silly install printInstalled
19 verbose stack Error: ENOENT: no such file or directory, open 'C:\Projects\AdServClient\@angular-devkit'
20 verbose cwd C:\Projects\AdServClient
21 error Windows_NT 10.0.17134
22 error argv "C:\\Program Files (x86)\\nodejs\\node.exe" "C:\\Users\\LoulouZ\\AppData\\Roaming\\npm\\node_modules\\npm\\bin\\npm-cli.js" "install" "@angular-devkit" "--save"
23 error node v7.9.0
24 error npm  v3.10.5
25 error path C:\Projects\AdServClient\@angular-devkit
26 error code ENOENT
27 error errno -4058
28 error syscall open
29 error enoent ENOENT: no such file or directory, open 'C:\Projects\AdServClient\@angular-devkit'
30 error enoent ENOENT: no such file or directory, open 'C:\Projects\AdServClient\@angular-devkit'
30 error enoent This is most likely not a problem with npm itself
30 error enoent and is related to npm not being able to find a file.
31 verbose exit [ -4058, true ]
